<?xml version="1.0" encoding="UTF-8"?>
<!-- Generated by org.testng.reporters.JUnitReportReporter -->
<testsuite hostname="DESKTOP-3N8J1NJ" failures="0" tests="4" name="basic.P01_First" time="0.010" errors="0" timestamp="2025-03-18T18:26:21 IST" skipped="0">
  <testcase classname="basic.P01_First" name="test2" time="0.001"/>
  <testcase classname="basic.P01_First" name="test4" time="0.001"/>
  <testcase classname="basic.P01_First" name="test1" time="0.007"/>
  <testcase classname="basic.P01_First" name="test3" time="0.001"/>
</testsuite> <!-- basic.P01_First -->
