<?xml version="1.0" encoding="UTF-8"?>
<!-- Generated by org.testng.reporters.JUnitReportReporter -->
<testsuite hostname="DESKTOP-3N8J1NJ" failures="0" tests="1" name="basic.P04_Annotations" time="0.006" errors="0" timestamp="2025-03-27T18:36:21 IST" skipped="0">
  <testcase classname="basic.P04_Annotations" name="test" time="0.006"/>
</testsuite> <!-- basic.P04_Annotations -->
