<?xml version="1.0" encoding="UTF-8"?>
<!-- Generated by org.testng.reporters.JUnitReportReporter -->
<testsuite hostname="DESKTOP-3N8J1NJ" failures="0" tests="5" name="basic.P02_Priority" time="0.012" errors="0" timestamp="2025-03-18T18:33:36 IST" skipped="1">
  <testcase classname="basic.P02_Priority" name="createAccount" time="0.008"/>
  <testcase classname="basic.P02_Priority" name="login" time="0.001"/>
  <testcase classname="basic.P02_Priority" name="profile" time="0.002"/>
  <testcase classname="basic.P02_Priority" name="changePassword" time="0.001"/>
  <testcase classname="basic.P02_Priority" name="logout">
    <skipped/>
  </testcase> <!-- logout -->
</testsuite> <!-- basic.P02_Priority -->
