<?xml version="1.0" encoding="UTF-8"?>
<!-- Generated by org.testng.reporters.JUnitReportReporter -->
<testsuite hostname="DESKTOP-3N8J1NJ" failures="0" tests="1" name="parameters.Login" time="3.456" errors="0" timestamp="2025-03-27T18:31:59 IST" skipped="0">
  <testcase classname="parameters.Login" name="userLogin" time="3.456"/>
</testsuite> <!-- parameters.Login -->
