<?xml version="1.0" encoding="UTF-8"?>
<!-- Generated by org.testng.reporters.JUnitReportReporter -->
<testsuite hostname="DESKTOP-3N8J1NJ" failures="0" tests="1" name="shopping.Product" time="0.001" errors="0" timestamp="2025-03-18T19:02:03 IST" skipped="0">
  <testcase classname="shopping.Product" name="uploadProduct" time="0.001"/>
</testsuite> <!-- shopping.Product -->
