<?xml version="1.0" encoding="UTF-8"?>
<!-- Generated by org.testng.reporters.JUnitReportReporter -->
<testsuite hostname="DESKTOP-3N8J1NJ" failures="0" tests="1" name="shopping.Cart" time="0.000" errors="0" timestamp="2025-03-18T19:01:04 IST" skipped="0">
  <testcase classname="shopping.Cart" name="addToCart" time="0.000"/>
</testsuite> <!-- shopping.Cart -->
