<?xml version="1.0" encoding="UTF-8"?>
<!-- Generated by org.testng.reporters.JUnitReportReporter -->
<testsuite hostname="DESKTOP-3N8J1NJ" failures="0" tests="3" name="crossbrowser.CrossBrowser" time="9.661" errors="0" timestamp="2025-03-29T19:01:29 IST" skipped="0">
  <testcase classname="crossbrowser.CrossBrowser" name="test" time="4.295"/>
  <testcase classname="crossbrowser.CrossBrowser" name="test" time="2.236"/>
  <testcase classname="crossbrowser.CrossBrowser" name="test" time="3.130"/>
</testsuite> <!-- crossbrowser.CrossBrowser -->
