<?xml version="1.0" encoding="UTF-8"?>
<!-- Generated by org.testng.reporters.JUnitReportReporter -->
<testsuite hostname="DESKTOP-3N8J1NJ" failures="0" tests="1" name="shopping.Sller" time="0.009" errors="0" timestamp="2025-03-18T19:02:03 IST" skipped="0">
  <testcase classname="shopping.Sller" name="login" time="0.009"/>
</testsuite> <!-- shopping.Sller -->
