<?xml version="1.0" encoding="UTF-8"?>
<!-- Generated by org.testng.reporters.JUnitReportReporter -->
<testsuite hostname="DESKTOP-3N8J1NJ" failures="0" tests="4" name="parameters.Parameterized_TestNG" time="7.837" errors="0" timestamp="2025-03-27T18:43:42 IST" skipped="0">
  <testcase classname="parameters.Parameterized_TestNG" name="login" time="1.586"/>
  <testcase classname="parameters.Parameterized_TestNG" name="login" time="2.026"/>
  <testcase classname="parameters.Parameterized_TestNG" name="login" time="2.038"/>
  <testcase classname="parameters.Parameterized_TestNG" name="login" time="2.187"/>
</testsuite> <!-- parameters.Parameterized_TestNG -->
